<?xml version="1.0" encoding="UTF-8" standalone="yes"?><!DOCTYPE report PUBLIC "-//JACOCO//DTD Report 1.1//EN" "report.dtd"><report name="Sprint-6"><sessioninfo id="MacBook-Pro-Vasilina.local-1b44f1f1" start="1680378183572" dump="1680378185871"/><sessioninfo id="MacBook-Pro-Vasilina.local-35935b61" start="1680378270154" dump="1680378272113"/><sessioninfo id="MacBook-Pro-Vasilina.local-7cdf00a0" start="1680378341941" dump="1680378344197"/><sessioninfo id="MacBook-Pro-Vasilina.local-4d5a28fd" start="1680378373814" dump="1680378375780"/><sessioninfo id="MacBook-Pro-Vasilina.local-f86113f9" start="1680378646863" dump="1680378648898"/><sessioninfo id="MacBook-Pro-Vasilina.local-f4e9cdf3" start="1680378679102" dump="1680378680412"/><sessioninfo id="MacBook-Pro-Vasilina.local-aa0df506" start="1680378986029" dump="1680378988055"/><sessioninfo id="MacBook-Pro-Vasilina.local-f5572a0f" start="1680381293323" dump="1680381295416"/><sessioninfo id="MacBook-Pro-Vasilina.local-46f60853" start="1680382045978" dump="1680382048225"/><sessioninfo id="MacBook-Pro-Vasilina.local-8b3b9e02" start="1680382117982" dump="1680382120060"/><sessioninfo id="MacBook-Pro-Vasilina.local-d747ae9" start="1680383204269" dump="1680383206369"/><sessioninfo id="MacBook-Pro-Vasilina.local-2d2f4761" start="1680384467411" dump="1680384469705"/><sessioninfo id="MacBook-Pro-Vasilina.local-c7650208" start="1681160645201" dump="1681160647360"/><sessioninfo id="MacBook-Pro-Vasilina.local-b7c7e1d1" start="1681161188628" dump="1681161190889"/><sessioninfo id="MacBook-Pro-Vasilina.local-411495ce" start="1681161228977" dump="1681161230951"/><sessioninfo id="MacBook-Pro-Vasilina.local-8a6e4c40" start="1681161305427" dump="1681161307469"/><package name="com/example"><class name="com/example/Feline" sourcefilename="Feline.java"><method name="&lt;init&gt;" desc="()V" line="8"><counter type="INSTRUCTION" missed="0" covered="3"/><counter type="LINE" missed="0" covered="2"/><counter type="COMPLEXITY" missed="0" covered="1"/><counter type="METHOD" missed="0" covered="1"/></method><method name="eatMeat" desc="()Ljava/util/List;" line="15"><counter type="INSTRUCTION" missed="0" covered="4"/><counter type="LINE" missed="0" covered="1"/><counter type="COMPLEXITY" missed="0" covered="1"/><counter type="METHOD" missed="0" covered="1"/></method><method name="getFamily" desc="()Ljava/lang/String;" line="20"><counter type="INSTRUCTION" missed="0" covered="2"/><counter type="LINE" missed="0" covered="1"/><counter type="COMPLEXITY" missed="0" covered="1"/><counter type="METHOD" missed="0" covered="1"/></method><method name="getKittens" desc="()I" line="24"><counter type="INSTRUCTION" missed="0" covered="4"/><counter type="LINE" missed="0" covered="1"/><counter type="COMPLEXITY" missed="0" covered="1"/><counter type="METHOD" missed="0" covered="1"/></method><method name="getKittens" desc="(I)I" line="28"><counter type="INSTRUCTION" missed="0" covered="2"/><counter type="LINE" missed="0" covered="1"/><counter type="COMPLEXITY" missed="0" covered="1"/><counter type="METHOD" missed="0" covered="1"/></method><counter type="INSTRUCTION" missed="0" covered="15"/><counter type="LINE" missed="0" covered="6"/><counter type="COMPLEXITY" missed="0" covered="5"/><counter type="METHOD" missed="0" covered="5"/><counter type="CLASS" missed="0" covered="1"/></class><class name="com/example/Animal" sourcefilename="Animal.java"><method name="&lt;init&gt;" desc="()V" line="5"><counter type="INSTRUCTION" missed="0" covered="3"/><counter type="LINE" missed="0" covered="1"/><counter type="COMPLEXITY" missed="0" covered="1"/><counter type="METHOD" missed="0" covered="1"/></method><method name="getFood" desc="(Ljava/lang/String;)Ljava/util/List;" line="8"><counter type="INSTRUCTION" missed="9" covered="13"/><counter type="BRANCH" missed="2" covered="2"/><counter type="LINE" missed="2" covered="3"/><counter type="COMPLEXITY" missed="2" covered="1"/><counter type="METHOD" missed="0" covered="1"/></method><method name="getFamily" desc="()Ljava/lang/String;" line="18"><counter type="INSTRUCTION" missed="2" covered="0"/><counter type="LINE" missed="1" covered="0"/><counter type="COMPLEXITY" missed="1" covered="0"/><counter type="METHOD" missed="1" covered="0"/></method><counter type="INSTRUCTION" missed="11" covered="16"/><counter type="BRANCH" missed="2" covered="2"/><counter type="LINE" missed="3" covered="4"/><counter type="COMPLEXITY" missed="3" covered="2"/><counter type="METHOD" missed="1" covered="2"/><counter type="CLASS" missed="0" covered="1"/></class><class name="com/example/Predator" sourcefilename="Predator.java"/><class name="com/example/Lion" sourcefilename="Lion.java"><method name="&lt;init&gt;" desc="(Ljava/lang/String;Lcom/example/Feline;)V" line="12"><counter type="INSTRUCTION" missed="0" covered="27"/><counter type="BRANCH" missed="0" covered="4"/><counter type="LINE" missed="0" covered="8"/><counter type="COMPLEXITY" missed="0" covered="3"/><counter type="METHOD" missed="0" covered="1"/></method><method name="getKittens" desc="()I" line="25"><counter type="INSTRUCTION" missed="0" covered="4"/><counter type="LINE" missed="0" covered="1"/><counter type="COMPLEXITY" missed="0" covered="1"/><counter type="METHOD" missed="0" covered="1"/></method><method name="doesHaveMane" desc="()Z" line="29"><counter type="INSTRUCTION" missed="0" covered="3"/><counter type="LINE" missed="0" covered="1"/><counter type="COMPLEXITY" missed="0" covered="1"/><counter type="METHOD" missed="0" covered="1"/></method><method name="getFood" desc="()Ljava/util/List;" line="33"><counter type="INSTRUCTION" missed="0" covered="5"/><counter type="LINE" missed="0" covered="1"/><counter type="COMPLEXITY" missed="0" covered="1"/><counter type="METHOD" missed="0" covered="1"/></method><counter type="INSTRUCTION" missed="0" covered="39"/><counter type="BRANCH" missed="0" covered="4"/><counter type="LINE" missed="0" covered="11"/><counter type="COMPLEXITY" missed="0" covered="6"/><counter type="METHOD" missed="0" covered="4"/><counter type="CLASS" missed="0" covered="1"/></class><class name="com/example/Cat" sourcefilename="Cat.java"><method name="&lt;init&gt;" desc="(Lcom/example/Feline;)V" line="9"><counter type="INSTRUCTION" missed="0" covered="6"/><counter type="LINE" missed="0" covered="3"/><counter type="COMPLEXITY" missed="0" covered="1"/><counter type="METHOD" missed="0" covered="1"/></method><method name="getSound" desc="()Ljava/lang/String;" line="14"><counter type="INSTRUCTION" missed="0" covered="2"/><counter type="LINE" missed="0" covered="1"/><counter type="COMPLEXITY" missed="0" covered="1"/><counter type="METHOD" missed="0" covered="1"/></method><method name="getFood" desc="()Ljava/util/List;" line="18"><counter type="INSTRUCTION" missed="0" covered="4"/><counter type="LINE" missed="0" covered="1"/><counter type="COMPLEXITY" missed="0" covered="1"/><counter type="METHOD" missed="0" covered="1"/></method><counter type="INSTRUCTION" missed="0" covered="12"/><counter type="LINE" missed="0" covered="5"/><counter type="COMPLEXITY" missed="0" covered="3"/><counter type="METHOD" missed="0" covered="3"/><counter type="CLASS" missed="0" covered="1"/></class><sourcefile name="Predator.java"/><sourcefile name="Lion.java"><line nr="12" mi="0" ci="2" mb="0" cb="0"/><line nr="13" mi="0" ci="3" mb="0" cb="0"/><line nr="14" mi="0" ci="4" mb="0" cb="2"/><line nr="15" mi="0" ci="4" mb="0" cb="0"/><line nr="16" mi="0" ci="4" mb="0" cb="2"/><line nr="17" mi="0" ci="4" mb="0" cb="0"/><line nr="19" mi="0" ci="5" mb="0" cb="0"/><line nr="22" mi="0" ci="1" mb="0" cb="0"/><line nr="25" mi="0" ci="4" mb="0" cb="0"/><line nr="29" mi="0" ci="3" mb="0" cb="0"/><line nr="33" mi="0" ci="5" mb="0" cb="0"/><counter type="INSTRUCTION" missed="0" covered="39"/><counter type="BRANCH" missed="0" covered="4"/><counter type="LINE" missed="0" covered="11"/><counter type="COMPLEXITY" missed="0" covered="6"/><counter type="METHOD" missed="0" covered="4"/><counter type="CLASS" missed="0" covered="1"/></sourcefile><sourcefile name="Animal.java"><line nr="5" mi="0" ci="3" mb="0" cb="0"/><line nr="8" mi="0" ci="4" mb="1" cb="1"/><line nr="9" mi="4" ci="0" mb="0" cb="0"/><line nr="10" mi="0" ci="4" mb="1" cb="1"/><line nr="11" mi="0" ci="5" mb="0" cb="0"/><line nr="13" mi="5" ci="0" mb="0" cb="0"/><line nr="18" mi="2" ci="0" mb="0" cb="0"/><counter type="INSTRUCTION" missed="11" covered="16"/><counter type="BRANCH" missed="2" covered="2"/><counter type="LINE" missed="3" covered="4"/><counter type="COMPLEXITY" missed="3" covered="2"/><counter type="METHOD" missed="1" covered="2"/><counter type="CLASS" missed="0" covered="1"/></sourcefile><sourcefile name="Feline.java"><line nr="8" mi="0" ci="2" mb="0" cb="0"/><line nr="10" mi="0" ci="1" mb="0" cb="0"/><line nr="15" mi="0" ci="4" mb="0" cb="0"/><line nr="20" mi="0" ci="2" mb="0" cb="0"/><line nr="24" mi="0" ci="4" mb="0" cb="0"/><line nr="28" mi="0" ci="2" mb="0" cb="0"/><counter type="INSTRUCTION" missed="0" covered="15"/><counter type="LINE" missed="0" covered="6"/><counter type="COMPLEXITY" missed="0" covered="5"/><counter type="METHOD" missed="0" covered="5"/><counter type="CLASS" missed="0" covered="1"/></sourcefile><sourcefile name="Cat.java"><line nr="9" mi="0" ci="2" mb="0" cb="0"/><line nr="10" mi="0" ci="3" mb="0" cb="0"/><line nr="11" mi="0" ci="1" mb="0" cb="0"/><line nr="14" mi="0" ci="2" mb="0" cb="0"/><line nr="18" mi="0" ci="4" mb="0" cb="0"/><counter type="INSTRUCTION" missed="0" covered="12"/><counter type="LINE" missed="0" covered="5"/><counter type="COMPLEXITY" missed="0" covered="3"/><counter type="METHOD" missed="0" covered="3"/><counter type="CLASS" missed="0" covered="1"/></sourcefile><counter type="INSTRUCTION" missed="11" covered="82"/><counter type="BRANCH" missed="2" covered="6"/><counter type="LINE" missed="3" covered="26"/><counter type="COMPLEXITY" missed="3" covered="16"/><counter type="METHOD" missed="1" covered="14"/><counter type="CLASS" missed="0" covered="4"/></package><counter type="INSTRUCTION" missed="11" covered="82"/><counter type="BRANCH" missed="2" covered="6"/><counter type="LINE" missed="3" covered="26"/><counter type="COMPLEXITY" missed="3" covered="16"/><counter type="METHOD" missed="1" covered="14"/><counter type="CLASS" missed="0" covered="4"/></report>